\BOOKMARK [1][-]{section.1}{Preliminary}{}
\BOOKMARK [1][-]{section.2}{Introduction}{}
\BOOKMARK [2][-]{subsection.2.1}{Getting to know the IAC Condor Pool}{section.2}
\BOOKMARK [3][-]{subsubsection.2.1.1}{CondorView statistics}{subsection.2.1}
\BOOKMARK [3][-]{subsubsection.2.1.2}{The condor\137status command}{subsection.2.1}
\BOOKMARK [3][-]{subsubsection.2.1.3}{Exercises}{subsection.2.1}
\BOOKMARK [1][-]{section.3}{Basic job submission}{}
\BOOKMARK [2][-]{subsection.3.1}{Before we start: road-map for running jobs}{section.3}
\BOOKMARK [2][-]{subsection.3.2}{The simplest job.}{section.3}
\BOOKMARK [3][-]{subsubsection.3.2.1}{Example}{subsection.3.2}
\BOOKMARK [3][-]{subsubsection.3.2.2}{Exercise}{subsection.3.2}
\BOOKMARK [2][-]{subsection.3.3}{Did you get any errors?}{section.3}
\BOOKMARK [3][-]{subsubsection.3.3.1}{Example}{subsection.3.3}
\BOOKMARK [3][-]{subsubsection.3.3.2}{Example}{subsection.3.3}
\BOOKMARK [2][-]{subsection.3.4}{Initialdir to the rescue\203}{section.3}
\BOOKMARK [3][-]{subsubsection.3.4.1}{Example}{subsection.3.4}
\BOOKMARK [2][-]{subsection.3.5}{Now, let's get our hands dirty\203}{section.3}
\BOOKMARK [3][-]{subsubsection.3.5.1}{Example}{subsection.3.5}
\BOOKMARK [3][-]{subsubsection.3.5.2}{Exercise}{subsection.3.5}
\BOOKMARK [1][-]{section.4}{Managing jobs}{}
\BOOKMARK [2][-]{subsection.4.1}{Checking on the progress of jobs}{section.4}
\BOOKMARK [3][-]{subsubsection.4.1.1}{Condor Job Monitor}{subsection.4.1}
\BOOKMARK [2][-]{subsection.4.2}{Removing a job from the queue}{section.4}
\BOOKMARK [2][-]{subsection.4.3}{Changing the priority of jobs}{section.4}
\BOOKMARK [2][-]{subsection.4.4}{Why does the job not run?}{section.4}
\BOOKMARK [2][-]{subsection.4.5}{Job Completion}{section.4}
\BOOKMARK [2][-]{subsection.4.6}{Exercise}{section.4}
\BOOKMARK [1][-]{section.5}{Standard Universe}{}
\BOOKMARK [2][-]{subsubsection.5.0.1}{Example}{section.5}
\BOOKMARK [1][-]{section.6}{DAGMan}{}
\BOOKMARK [2][-]{subsection.6.1}{Basic DAGs}{section.6}
\BOOKMARK [3][-]{subsubsection.6.1.1}{Example}{subsection.6.1}
\BOOKMARK [3][-]{subsubsection.6.1.2}{Exercise}{subsection.6.1}
\BOOKMARK [2][-]{subsection.6.2}{Let's go for the real thing\203}{section.6}
\BOOKMARK [3][-]{subsubsection.6.2.1}{DAGs with PRE and POST processing}{subsection.6.2}
\BOOKMARK [3][-]{subsubsection.6.2.2}{Job recovery: the rescue DAG}{subsection.6.2}
\BOOKMARK [3][-]{subsubsection.6.2.3}{Macros in DAG files}{subsection.6.2}
\BOOKMARK [2][-]{subsection.6.3}{Exercises}{section.6}
\BOOKMARK [1][-]{section.7}{Last remarks}{}
\BOOKMARK [1][-]{section.A}{Answers to exercises}{}
\BOOKMARK [2][-]{subsection.A.1}{Answers to exercises in section 2.1.3}{section.A}
\BOOKMARK [2][-]{subsection.A.2}{Answer to exercise in section 3.2.2}{section.A}
\BOOKMARK [2][-]{subsection.A.3}{Answer to exercise in section 3.5.2}{section.A}
\BOOKMARK [2][-]{subsection.A.4}{Answer to exercise in section 4.6}{section.A}
\BOOKMARK [2][-]{subsection.A.5}{Answer to exercise in section 6.1.2}{section.A}
\BOOKMARK [2][-]{subsection.A.6}{Answer to exercises in section 6.3}{section.A}
\BOOKMARK [3][-]{subsubsection.A.6.1}{Exercise 1}{subsection.A.6}
\BOOKMARK [3][-]{subsubsection.A.6.2}{Exercise 2}{subsection.A.6}
